<?xml version="1.0" encoding="UTF-8"?>
<!-- Generated by org.testng.reporters.JUnitReportReporter -->
<testsuite skipped="0" hostname="DESKTOP-3OJJ6KC" name="selenium4Features.GetLocation" tests="1" failures="0" timestamp="2019-11-19T20:55:54 EST" time="18.893" errors="0">
  <testcase name="test1" time="18.893" classname="selenium4Features.GetLocation"/>
</testsuite> <!-- selenium4Features.GetLocation -->
