<?xml version="1.0" encoding="UTF-8"?>
<!-- Generated by org.testng.reporters.JUnitReportReporter -->
<testsuite skipped="0" hostname="DESKTOP-3OJJ6KC" name="Selenium4.Selenium4.OpenNewTab" tests="1" failures="0" timestamp="2019-11-19T20:44:48 EST" time="24.077" errors="0">
  <testcase name="test1" time="24.077" classname="Selenium4.Selenium4.OpenNewTab"/>
</testsuite> <!-- Selenium4.Selenium4.OpenNewTab -->
