<?xml version="1.0" encoding="UTF-8"?>
<!-- Generated by org.testng.reporters.JUnitReportReporter -->
<testsuite skipped="0" hostname="DESKTOP-3OJJ6KC" name="Selenium4.Selenium4.Feature1" tests="1" failures="0" timestamp="2019-11-19T20:33:19 EST" time="18.704" errors="0">
  <testcase name="test1" time="18.704" classname="Selenium4.Selenium4.Feature1"/>
</testsuite> <!-- Selenium4.Selenium4.Feature1 -->
