<?xml version="1.0" encoding="UTF-8"?>
<!-- Generated by org.testng.reporters.JUnitReportReporter -->
<testsuite skipped="0" hostname="DESKTOP-3OJJ6KC" name="Selenium4.Selenium4.OpenNewWindows" tests="1" failures="0" timestamp="2019-11-19T20:48:05 EST" time="28.248" errors="0">
  <testcase name="test1" time="28.248" classname="Selenium4.Selenium4.OpenNewWindows"/>
</testsuite> <!-- Selenium4.Selenium4.OpenNewWindows -->
